<?xml version="1.0" encoding="UTF-8"?>
<robot generator="Robot 6.0.2 (Python 3.11.3 on win32)" generated="20230629 21:30:10.671" rpa="false" schemaversion="3">
<suite id="s1" name="Admin Testcase" source="C:\Users\Admin\PycharmProjects\Robotautomation\Data_driven_testcase\admin_testcase.robot">
<kw name="Open My Browser" library="admin_resource" type="SETUP">
<kw name="Open Browser" library="SeleniumLibrary">
<arg>${url}</arg>
<arg>${browser}</arg>
<doc>Opens a new browser instance to the optional ``url``.</doc>
<msg timestamp="20230629 21:30:11.096" level="INFO">Opening browser 'chrome' to base url 'https://admin-demo.nopcommerce.com/'.</msg>
<status status="PASS" starttime="20230629 21:30:11.096" endtime="20230629 21:30:15.717"/>
</kw>
<kw name="Maximize Browser Window" library="SeleniumLibrary">
<doc>Maximizes current browser window.</doc>
<status status="PASS" starttime="20230629 21:30:15.717" endtime="20230629 21:30:15.852"/>
</kw>
<kw name="Set Selenium Speed" library="SeleniumLibrary">
<arg>1</arg>
<doc>Sets the delay that is waited after each Selenium command.</doc>
<status status="PASS" starttime="20230629 21:30:15.852" endtime="20230629 21:30:15.852"/>
</kw>
<status status="PASS" starttime="20230629 21:30:11.096" endtime="20230629 21:30:15.853"/>
</kw>
<test id="s1-t1" name="VALID USERNAME EMPTY PASSWORD" line="10">
<kw name="Invalid Inputs">
<arg>admin@yourstore.com</arg>
<arg>${EMPTY}</arg>
<kw name="Input Username" library="admin_resource">
<arg>${username}</arg>
<kw name="Clear Element Text" library="SeleniumLibrary">
<arg>//input[@id='Email']</arg>
<doc>Clears the value of the text-input-element identified by ``locator``.</doc>
<status status="PASS" starttime="20230629 21:30:15.860" endtime="20230629 21:30:17.950"/>
</kw>
<kw name="Input Text" library="SeleniumLibrary">
<arg>//input[@id='Email']</arg>
<arg>${username}</arg>
<doc>Types the given ``text`` into the text field identified by ``locator``.</doc>
<msg timestamp="20230629 21:30:17.951" level="INFO">Typing text 'admin@yourstore.com' into text field '//input[@id='Email']'.</msg>
<status status="PASS" starttime="20230629 21:30:17.950" endtime="20230629 21:30:21.091"/>
</kw>
<status status="PASS" starttime="20230629 21:30:15.858" endtime="20230629 21:30:21.091"/>
</kw>
<kw name="Input Password" library="admin_resource">
<arg>${password}</arg>
<kw name="Clear Element Text" library="SeleniumLibrary">
<arg>//input[@id='Password']</arg>
<doc>Clears the value of the text-input-element identified by ``locator``.</doc>
<status status="PASS" starttime="20230629 21:30:21.091" endtime="20230629 21:30:23.144"/>
</kw>
<kw name="Input Text" library="SeleniumLibrary">
<arg>//input[@id='Password']</arg>
<arg>${password}</arg>
<doc>Types the given ``text`` into the text field identified by ``locator``.</doc>
<msg timestamp="20230629 21:30:23.145" level="INFO">Typing text '' into text field '//input[@id='Password']'.</msg>
<status status="PASS" starttime="20230629 21:30:23.144" endtime="20230629 21:30:26.253"/>
</kw>
<status status="PASS" starttime="20230629 21:30:21.091" endtime="20230629 21:30:26.253"/>
</kw>
<kw name="Click to Login" library="admin_resource">
<kw name="Click Element" library="SeleniumLibrary">
<arg>//button[normalize-space()='Log in']</arg>
<doc>Click the element identified by ``locator``.</doc>
<msg timestamp="20230629 21:30:26.255" level="INFO">Clicking element '//button[normalize-space()='Log in']'.</msg>
<status status="PASS" starttime="20230629 21:30:26.254" endtime="20230629 21:30:28.701"/>
</kw>
<status status="PASS" starttime="20230629 21:30:26.254" endtime="20230629 21:30:28.701"/>
</kw>
<kw name="Varify Error Message" library="admin_resource">
<kw name="Page Should Contain" library="SeleniumLibrary">
<arg>Login was unsuccessful</arg>
<doc>Verifies that current page contains ``text``.</doc>
<msg timestamp="20230629 21:30:30.751" level="INFO">Current page contains text 'Login was unsuccessful'.</msg>
<status status="PASS" starttime="20230629 21:30:28.702" endtime="20230629 21:30:30.751"/>
</kw>
<status status="PASS" starttime="20230629 21:30:28.701" endtime="20230629 21:30:30.751"/>
</kw>
<status status="PASS" starttime="20230629 21:30:15.854" endtime="20230629 21:30:30.751"/>
</kw>
<status status="PASS" starttime="20230629 21:30:15.853" endtime="20230629 21:30:30.752"/>
</test>
<test id="s1-t2" name="EMPTY USERNAME VALID PASSWORD" line="11">
<kw name="Invalid Inputs">
<arg>${EMPTY}</arg>
<arg>admin</arg>
<kw name="Input Username" library="admin_resource">
<arg>${username}</arg>
<kw name="Clear Element Text" library="SeleniumLibrary">
<arg>//input[@id='Email']</arg>
<doc>Clears the value of the text-input-element identified by ``locator``.</doc>
<status status="PASS" starttime="20230629 21:30:30.755" endtime="20230629 21:30:32.828"/>
</kw>
<kw name="Input Text" library="SeleniumLibrary">
<arg>//input[@id='Email']</arg>
<arg>${username}</arg>
<doc>Types the given ``text`` into the text field identified by ``locator``.</doc>
<msg timestamp="20230629 21:30:32.829" level="INFO">Typing text '' into text field '//input[@id='Email']'.</msg>
<status status="PASS" starttime="20230629 21:30:32.828" endtime="20230629 21:30:35.922"/>
</kw>
<status status="PASS" starttime="20230629 21:30:30.755" endtime="20230629 21:30:35.922"/>
</kw>
<kw name="Input Password" library="admin_resource">
<arg>${password}</arg>
<kw name="Clear Element Text" library="SeleniumLibrary">
<arg>//input[@id='Password']</arg>
<doc>Clears the value of the text-input-element identified by ``locator``.</doc>
<status status="PASS" starttime="20230629 21:30:35.923" endtime="20230629 21:30:37.970"/>
</kw>
<kw name="Input Text" library="SeleniumLibrary">
<arg>//input[@id='Password']</arg>
<arg>${password}</arg>
<doc>Types the given ``text`` into the text field identified by ``locator``.</doc>
<msg timestamp="20230629 21:30:37.970" level="INFO">Typing text 'admin' into text field '//input[@id='Password']'.</msg>
<status status="PASS" starttime="20230629 21:30:37.970" endtime="20230629 21:30:41.076"/>
</kw>
<status status="PASS" starttime="20230629 21:30:35.922" endtime="20230629 21:30:41.076"/>
</kw>
<kw name="Click to Login" library="admin_resource">
<kw name="Click Element" library="SeleniumLibrary">
<arg>//button[normalize-space()='Log in']</arg>
<doc>Click the element identified by ``locator``.</doc>
<msg timestamp="20230629 21:30:41.077" level="INFO">Clicking element '//button[normalize-space()='Log in']'.</msg>
<status status="PASS" starttime="20230629 21:30:41.076" endtime="20230629 21:30:43.147"/>
</kw>
<status status="PASS" starttime="20230629 21:30:41.076" endtime="20230629 21:30:43.147"/>
</kw>
<kw name="Varify Error Message" library="admin_resource">
<kw name="Page Should Contain" library="SeleniumLibrary">
<arg>Login was unsuccessful</arg>
<doc>Verifies that current page contains ``text``.</doc>
<msg timestamp="20230629 21:30:45.164" level="INFO">Current page contains text 'Login was unsuccessful'.</msg>
<status status="PASS" starttime="20230629 21:30:43.148" endtime="20230629 21:30:45.164"/>
</kw>
<status status="PASS" starttime="20230629 21:30:43.147" endtime="20230629 21:30:45.164"/>
</kw>
<status status="PASS" starttime="20230629 21:30:30.754" endtime="20230629 21:30:45.164"/>
</kw>
<status status="PASS" starttime="20230629 21:30:30.753" endtime="20230629 21:30:45.164"/>
</test>
<test id="s1-t3" name="VALID USERNAME INVALID PASSWORD" line="12">
<kw name="Invalid Inputs">
<arg>admin@yourstore.com</arg>
<arg>adm</arg>
<kw name="Input Username" library="admin_resource">
<arg>${username}</arg>
<kw name="Clear Element Text" library="SeleniumLibrary">
<arg>//input[@id='Email']</arg>
<doc>Clears the value of the text-input-element identified by ``locator``.</doc>
<status status="PASS" starttime="20230629 21:30:45.167" endtime="20230629 21:30:47.214"/>
</kw>
<kw name="Input Text" library="SeleniumLibrary">
<arg>//input[@id='Email']</arg>
<arg>${username}</arg>
<doc>Types the given ``text`` into the text field identified by ``locator``.</doc>
<msg timestamp="20230629 21:30:47.215" level="INFO">Typing text 'admin@yourstore.com' into text field '//input[@id='Email']'.</msg>
<status status="PASS" starttime="20230629 21:30:47.214" endtime="20230629 21:30:50.355"/>
</kw>
<status status="PASS" starttime="20230629 21:30:45.167" endtime="20230629 21:30:50.355"/>
</kw>
<kw name="Input Password" library="admin_resource">
<arg>${password}</arg>
<kw name="Clear Element Text" library="SeleniumLibrary">
<arg>//input[@id='Password']</arg>
<doc>Clears the value of the text-input-element identified by ``locator``.</doc>
<status status="PASS" starttime="20230629 21:30:50.355" endtime="20230629 21:30:52.407"/>
</kw>
<kw name="Input Text" library="SeleniumLibrary">
<arg>//input[@id='Password']</arg>
<arg>${password}</arg>
<doc>Types the given ``text`` into the text field identified by ``locator``.</doc>
<msg timestamp="20230629 21:30:52.407" level="INFO">Typing text 'adm' into text field '//input[@id='Password']'.</msg>
<status status="PASS" starttime="20230629 21:30:52.407" endtime="20230629 21:30:55.510"/>
</kw>
<status status="PASS" starttime="20230629 21:30:50.355" endtime="20230629 21:30:55.510"/>
</kw>
<kw name="Click to Login" library="admin_resource">
<kw name="Click Element" library="SeleniumLibrary">
<arg>//button[normalize-space()='Log in']</arg>
<doc>Click the element identified by ``locator``.</doc>
<msg timestamp="20230629 21:30:55.511" level="INFO">Clicking element '//button[normalize-space()='Log in']'.</msg>
<status status="PASS" starttime="20230629 21:30:55.510" endtime="20230629 21:30:58.007"/>
</kw>
<status status="PASS" starttime="20230629 21:30:55.510" endtime="20230629 21:30:58.007"/>
</kw>
<kw name="Varify Error Message" library="admin_resource">
<kw name="Page Should Contain" library="SeleniumLibrary">
<arg>Login was unsuccessful</arg>
<doc>Verifies that current page contains ``text``.</doc>
<msg timestamp="20230629 21:31:00.025" level="INFO">Current page contains text 'Login was unsuccessful'.</msg>
<status status="PASS" starttime="20230629 21:30:58.007" endtime="20230629 21:31:00.025"/>
</kw>
<status status="PASS" starttime="20230629 21:30:58.007" endtime="20230629 21:31:00.025"/>
</kw>
<status status="PASS" starttime="20230629 21:30:45.166" endtime="20230629 21:31:00.025"/>
</kw>
<status status="PASS" starttime="20230629 21:30:45.165" endtime="20230629 21:31:00.025"/>
</test>
<test id="s1-t4" name="INVALID PASSWORD VALID USERNAME" line="13">
<kw name="Invalid Inputs">
<arg>adm</arg>
<arg>admin@yourstore.com</arg>
<kw name="Input Username" library="admin_resource">
<arg>${username}</arg>
<kw name="Clear Element Text" library="SeleniumLibrary">
<arg>//input[@id='Email']</arg>
<doc>Clears the value of the text-input-element identified by ``locator``.</doc>
<status status="PASS" starttime="20230629 21:31:00.028" endtime="20230629 21:31:02.084"/>
</kw>
<kw name="Input Text" library="SeleniumLibrary">
<arg>//input[@id='Email']</arg>
<arg>${username}</arg>
<doc>Types the given ``text`` into the text field identified by ``locator``.</doc>
<msg timestamp="20230629 21:31:02.084" level="INFO">Typing text 'adm' into text field '//input[@id='Email']'.</msg>
<status status="PASS" starttime="20230629 21:31:02.084" endtime="20230629 21:31:05.189"/>
</kw>
<status status="PASS" starttime="20230629 21:31:00.027" endtime="20230629 21:31:05.189"/>
</kw>
<kw name="Input Password" library="admin_resource">
<arg>${password}</arg>
<kw name="Clear Element Text" library="SeleniumLibrary">
<arg>//input[@id='Password']</arg>
<doc>Clears the value of the text-input-element identified by ``locator``.</doc>
<status status="PASS" starttime="20230629 21:31:05.189" endtime="20230629 21:31:07.239"/>
</kw>
<kw name="Input Text" library="SeleniumLibrary">
<arg>//input[@id='Password']</arg>
<arg>${password}</arg>
<doc>Types the given ``text`` into the text field identified by ``locator``.</doc>
<msg timestamp="20230629 21:31:07.239" level="INFO">Typing text 'admin@yourstore.com' into text field '//input[@id='Password']'.</msg>
<status status="PASS" starttime="20230629 21:31:07.239" endtime="20230629 21:31:10.362"/>
</kw>
<status status="PASS" starttime="20230629 21:31:05.189" endtime="20230629 21:31:10.362"/>
</kw>
<kw name="Click to Login" library="admin_resource">
<kw name="Click Element" library="SeleniumLibrary">
<arg>//button[normalize-space()='Log in']</arg>
<doc>Click the element identified by ``locator``.</doc>
<msg timestamp="20230629 21:31:10.363" level="INFO">Clicking element '//button[normalize-space()='Log in']'.</msg>
<status status="PASS" starttime="20230629 21:31:10.362" endtime="20230629 21:31:12.425"/>
</kw>
<status status="PASS" starttime="20230629 21:31:10.362" endtime="20230629 21:31:12.425"/>
</kw>
<kw name="Varify Error Message" library="admin_resource">
<kw name="Page Should Contain" library="SeleniumLibrary">
<arg>Login was unsuccessful</arg>
<doc>Verifies that current page contains ``text``.</doc>
<msg timestamp="20230629 21:31:14.443" level="INFO">Current page contains text 'Login was unsuccessful'.</msg>
<status status="PASS" starttime="20230629 21:31:12.425" endtime="20230629 21:31:14.443"/>
</kw>
<status status="PASS" starttime="20230629 21:31:12.425" endtime="20230629 21:31:14.443"/>
</kw>
<status status="PASS" starttime="20230629 21:31:00.027" endtime="20230629 21:31:14.443"/>
</kw>
<status status="PASS" starttime="20230629 21:31:00.026" endtime="20230629 21:31:14.444"/>
</test>
<test id="s1-t5" name="INVALID USERNAME INVALID PASSWORD" line="14">
<kw name="Invalid Inputs">
<arg>ad@yourstore.com</arg>
<arg>adm</arg>
<kw name="Input Username" library="admin_resource">
<arg>${username}</arg>
<kw name="Clear Element Text" library="SeleniumLibrary">
<arg>//input[@id='Email']</arg>
<doc>Clears the value of the text-input-element identified by ``locator``.</doc>
<status status="PASS" starttime="20230629 21:31:14.446" endtime="20230629 21:31:16.510"/>
</kw>
<kw name="Input Text" library="SeleniumLibrary">
<arg>//input[@id='Email']</arg>
<arg>${username}</arg>
<doc>Types the given ``text`` into the text field identified by ``locator``.</doc>
<msg timestamp="20230629 21:31:16.511" level="INFO">Typing text 'ad@yourstore.com' into text field '//input[@id='Email']'.</msg>
<status status="PASS" starttime="20230629 21:31:16.510" endtime="20230629 21:31:19.694"/>
</kw>
<status status="PASS" starttime="20230629 21:31:14.446" endtime="20230629 21:31:19.694"/>
</kw>
<kw name="Input Password" library="admin_resource">
<arg>${password}</arg>
<kw name="Clear Element Text" library="SeleniumLibrary">
<arg>//input[@id='Password']</arg>
<doc>Clears the value of the text-input-element identified by ``locator``.</doc>
<status status="PASS" starttime="20230629 21:31:19.694" endtime="20230629 21:31:21.759"/>
</kw>
<kw name="Input Text" library="SeleniumLibrary">
<arg>//input[@id='Password']</arg>
<arg>${password}</arg>
<doc>Types the given ``text`` into the text field identified by ``locator``.</doc>
<msg timestamp="20230629 21:31:21.760" level="INFO">Typing text 'adm' into text field '//input[@id='Password']'.</msg>
<status status="PASS" starttime="20230629 21:31:21.759" endtime="20230629 21:31:24.868"/>
</kw>
<status status="PASS" starttime="20230629 21:31:19.694" endtime="20230629 21:31:24.868"/>
</kw>
<kw name="Click to Login" library="admin_resource">
<kw name="Click Element" library="SeleniumLibrary">
<arg>//button[normalize-space()='Log in']</arg>
<doc>Click the element identified by ``locator``.</doc>
<msg timestamp="20230629 21:31:24.869" level="INFO">Clicking element '//button[normalize-space()='Log in']'.</msg>
<status status="PASS" starttime="20230629 21:31:24.869" endtime="20230629 21:31:28.098"/>
</kw>
<status status="PASS" starttime="20230629 21:31:24.868" endtime="20230629 21:31:28.098"/>
</kw>
<kw name="Varify Error Message" library="admin_resource">
<kw name="Page Should Contain" library="SeleniumLibrary">
<arg>Login was unsuccessful</arg>
<doc>Verifies that current page contains ``text``.</doc>
<msg timestamp="20230629 21:31:30.116" level="INFO">Current page contains text 'Login was unsuccessful'.</msg>
<status status="PASS" starttime="20230629 21:31:28.098" endtime="20230629 21:31:30.116"/>
</kw>
<status status="PASS" starttime="20230629 21:31:28.098" endtime="20230629 21:31:30.116"/>
</kw>
<status status="PASS" starttime="20230629 21:31:14.445" endtime="20230629 21:31:30.116"/>
</kw>
<status status="PASS" starttime="20230629 21:31:14.444" endtime="20230629 21:31:30.116"/>
</test>
<kw name="Close My Browser" library="admin_resource" type="TEARDOWN">
<kw name="Close All Browsers" library="SeleniumLibrary">
<doc>Closes all open browsers and resets the browser cache.</doc>
<status status="PASS" starttime="20230629 21:31:30.117" endtime="20230629 21:31:33.195"/>
</kw>
<status status="PASS" starttime="20230629 21:31:30.117" endtime="20230629 21:31:33.195"/>
</kw>
<status status="PASS" starttime="20230629 21:30:10.674" endtime="20230629 21:31:33.195"/>
</suite>
<statistics>
<total>
<stat pass="5" fail="0" skip="0">All Tests</stat>
</total>
<tag>
</tag>
<suite>
<stat pass="5" fail="0" skip="0" id="s1" name="Admin Testcase">Admin Testcase</stat>
</suite>
</statistics>
<errors>
</errors>
</robot>
