<?xml version="1.0" encoding="UTF-8"?>
<robot generator="Robot 6.0.2 (Python 3.11.3 on win32)" generated="20230629 20:41:46.558" rpa="false" schemaversion="3">
<suite id="s1" name="Suites">
<suite id="s1-s1" name="SetupAndTeardown" source="C:\Users\Admin\PycharmProjects\Robotautomation\Data_driven_testcase\SetupAndTeardown.robot">
<kw name="Log To Console" library="BuiltIn" type="SETUP">
<arg>Opening Browser</arg>
<doc>Logs the given message to the console.</doc>
<status status="PASS" starttime="20230629 20:41:46.629" endtime="20230629 20:41:46.630"/>
</kw>
<test id="s1-s1-t1" name="TC 1 Prepaid Recharge" line="11">
<kw name="Log To Console" library="BuiltIn" type="SETUP">
<arg>Login to appplication</arg>
<doc>Logs the given message to the console.</doc>
<status status="PASS" starttime="20230629 20:41:46.631" endtime="20230629 20:41:46.632"/>
</kw>
<kw name="Log To Console" library="BuiltIn">
<arg>this is prepaid recharge testcase</arg>
<doc>Logs the given message to the console.</doc>
<status status="PASS" starttime="20230629 20:41:46.632" endtime="20230629 20:41:46.633"/>
</kw>
<kw name="Log To Console" library="BuiltIn" type="TEARDOWN">
<arg>Logout from application</arg>
<doc>Logs the given message to the console.</doc>
<status status="PASS" starttime="20230629 20:41:46.633" endtime="20230629 20:41:46.634"/>
</kw>
<status status="PASS" starttime="20230629 20:41:46.630" endtime="20230629 20:41:46.634"/>
</test>
<test id="s1-s1-t2" name="TC 2 Postpaid recharge" line="14">
<kw name="Log To Console" library="BuiltIn" type="SETUP">
<arg>Login to appplication</arg>
<doc>Logs the given message to the console.</doc>
<status status="PASS" starttime="20230629 20:41:46.635" endtime="20230629 20:41:46.638"/>
</kw>
<kw name="Log To Console" library="BuiltIn">
<arg>this is postpaid recharge testcase</arg>
<doc>Logs the given message to the console.</doc>
<status status="PASS" starttime="20230629 20:41:46.638" endtime="20230629 20:41:46.639"/>
</kw>
<kw name="Log To Console" library="BuiltIn" type="TEARDOWN">
<arg>Logout from application</arg>
<doc>Logs the given message to the console.</doc>
<status status="PASS" starttime="20230629 20:41:46.639" endtime="20230629 20:41:46.640"/>
</kw>
<status status="PASS" starttime="20230629 20:41:46.635" endtime="20230629 20:41:46.640"/>
</test>
<test id="s1-s1-t3" name="TC 3 search" line="17">
<kw name="Log To Console" library="BuiltIn" type="SETUP">
<arg>Login to appplication</arg>
<doc>Logs the given message to the console.</doc>
<status status="PASS" starttime="20230629 20:41:46.641" endtime="20230629 20:41:46.642"/>
</kw>
<kw name="Log To Console" library="BuiltIn">
<arg>this is search test case</arg>
<doc>Logs the given message to the console.</doc>
<status status="PASS" starttime="20230629 20:41:46.642" endtime="20230629 20:41:46.643"/>
</kw>
<kw name="Log To Console" library="BuiltIn" type="TEARDOWN">
<arg>Logout from application</arg>
<doc>Logs the given message to the console.</doc>
<status status="PASS" starttime="20230629 20:41:46.643" endtime="20230629 20:41:46.643"/>
</kw>
<status status="PASS" starttime="20230629 20:41:46.640" endtime="20230629 20:41:46.644"/>
</test>
<test id="s1-s1-t4" name="TC 4 Advanced search" line="20">
<kw name="Log To Console" library="BuiltIn" type="SETUP">
<arg>Login to appplication</arg>
<doc>Logs the given message to the console.</doc>
<status status="PASS" starttime="20230629 20:41:46.645" endtime="20230629 20:41:46.645"/>
</kw>
<kw name="Log To Console" library="BuiltIn">
<arg>this is adv search testcase</arg>
<doc>Logs the given message to the console.</doc>
<status status="PASS" starttime="20230629 20:41:46.645" endtime="20230629 20:41:46.646"/>
</kw>
<kw name="Log To Console" library="BuiltIn" type="TEARDOWN">
<arg>Logout from application</arg>
<doc>Logs the given message to the console.</doc>
<status status="PASS" starttime="20230629 20:41:46.646" endtime="20230629 20:41:46.647"/>
</kw>
<status status="PASS" starttime="20230629 20:41:46.644" endtime="20230629 20:41:46.647"/>
</test>
<kw name="Log To Console" library="BuiltIn" type="TEARDOWN">
<arg>Closing Browser</arg>
<doc>Logs the given message to the console.</doc>
<status status="PASS" starttime="20230629 20:41:46.648" endtime="20230629 20:41:46.648"/>
</kw>
<status status="PASS" starttime="20230629 20:41:46.625" endtime="20230629 20:41:46.649"/>
</suite>
<status status="PASS" starttime="20230629 20:41:46.573" endtime="20230629 20:41:46.650"/>
</suite>
<statistics>
<total>
<stat pass="4" fail="0" skip="0">All Tests</stat>
</total>
<tag>
</tag>
<suite>
<stat pass="4" fail="0" skip="0" id="s1" name="Suites">Suites</stat>
<stat pass="4" fail="0" skip="0" id="s1-s1" name="SetupAndTeardown">Suites.SetupAndTeardown</stat>
</suite>
</statistics>
<errors>
</errors>
</robot>
