<?xml version="1.0" encoding="UTF-8"?>
<robot generator="Robot 6.0.2 (Python 3.11.3 on win32)" generated="20230629 20:41:46.641" rpa="false" schemaversion="3">
<suite id="s1" name="Suites">
<suite id="s1-s1" name="Admin Testcase" source="C:\Users\Admin\PycharmProjects\Robotautomation\Data_driven_testcase\admin_testcase.robot">
<kw name="Open My Browser" library="admin_resource" type="SETUP">
<kw name="Open Browser" library="SeleniumLibrary">
<arg>${url}</arg>
<arg>${browser}</arg>
<doc>Opens a new browser instance to the optional ``url``.</doc>
<msg timestamp="20230629 20:41:47.203" level="INFO">Opening browser 'chrome' to base url 'https://admin-demo.nopcommerce.com/'.</msg>
<status status="PASS" starttime="20230629 20:41:47.201" endtime="20230629 20:41:55.134"/>
</kw>
<kw name="Maximize Browser Window" library="SeleniumLibrary">
<doc>Maximizes current browser window.</doc>
<status status="PASS" starttime="20230629 20:41:55.135" endtime="20230629 20:41:55.351"/>
</kw>
<kw name="Set Selenium Speed" library="SeleniumLibrary">
<arg>1</arg>
<doc>Sets the delay that is waited after each Selenium command.</doc>
<status status="PASS" starttime="20230629 20:41:55.352" endtime="20230629 20:41:55.352"/>
</kw>
<status status="PASS" starttime="20230629 20:41:47.200" endtime="20230629 20:41:55.353"/>
</kw>
<test id="s1-s1-t1" name="VALID USERNAME EMPTY PASSWORD" line="10">
<kw name="Invalid Inputs">
<arg>admin@yourstore.com</arg>
<arg>${EMPTY}</arg>
<kw name="Input Username" library="admin_resource">
<arg>${username}</arg>
<kw name="Clear Element Text" library="SeleniumLibrary">
<arg>//input[@id='Email']</arg>
<doc>Clears the value of the text-input-element identified by ``locator``.</doc>
<status status="PASS" starttime="20230629 20:41:55.356" endtime="20230629 20:41:57.510"/>
</kw>
<kw name="Input Text" library="SeleniumLibrary">
<arg>//input[@id='Email']</arg>
<arg>${username}</arg>
<doc>Types the given ``text`` into the text field identified by ``locator``.</doc>
<msg timestamp="20230629 20:41:57.512" level="INFO">Typing text 'admin@yourstore.com' into text field '//input[@id='Email']'.</msg>
<status status="PASS" starttime="20230629 20:41:57.510" endtime="20230629 20:42:00.738"/>
</kw>
<status status="PASS" starttime="20230629 20:41:55.356" endtime="20230629 20:42:00.738"/>
</kw>
<kw name="Input Password" library="admin_resource">
<arg>${password}</arg>
<kw name="Clear Element Text" library="SeleniumLibrary">
<arg>//input[@id='Password']</arg>
<doc>Clears the value of the text-input-element identified by ``locator``.</doc>
<status status="PASS" starttime="20230629 20:42:00.739" endtime="20230629 20:42:02.865"/>
</kw>
<kw name="Input Text" library="SeleniumLibrary">
<arg>//input[@id='Password']</arg>
<arg>${password}</arg>
<doc>Types the given ``text`` into the text field identified by ``locator``.</doc>
<msg timestamp="20230629 20:42:02.866" level="INFO">Typing text '' into text field '//input[@id='Password']'.</msg>
<status status="PASS" starttime="20230629 20:42:02.865" endtime="20230629 20:42:06.334"/>
</kw>
<status status="PASS" starttime="20230629 20:42:00.738" endtime="20230629 20:42:06.334"/>
</kw>
<kw name="Click to Login" library="admin_resource">
<kw name="Click Element" library="SeleniumLibrary">
<arg>//button[normalize-space()='Log in']</arg>
<doc>Click the element identified by ``locator``.</doc>
<msg timestamp="20230629 20:42:06.336" level="INFO">Clicking element '//button[normalize-space()='Log in']'.</msg>
<status status="PASS" starttime="20230629 20:42:06.335" endtime="20230629 20:42:08.881"/>
</kw>
<status status="PASS" starttime="20230629 20:42:06.334" endtime="20230629 20:42:08.881"/>
</kw>
<kw name="Varify Error Message" library="admin_resource">
<kw name="Page Should Contain" library="SeleniumLibrary">
<arg>Login was unsuccessful</arg>
<doc>Verifies that current page contains ``text``.</doc>
<msg timestamp="20230629 20:42:10.909" level="INFO">Current page contains text 'Login was unsuccessful'.</msg>
<status status="PASS" starttime="20230629 20:42:08.882" endtime="20230629 20:42:10.909"/>
</kw>
<status status="PASS" starttime="20230629 20:42:08.881" endtime="20230629 20:42:10.909"/>
</kw>
<status status="PASS" starttime="20230629 20:41:55.354" endtime="20230629 20:42:10.909"/>
</kw>
<status status="PASS" starttime="20230629 20:41:55.353" endtime="20230629 20:42:10.910"/>
</test>
<test id="s1-s1-t2" name="EMPTY USERNAME VALID PASSWORD" line="11">
<kw name="Invalid Inputs">
<arg>${EMPTY}</arg>
<arg>admin</arg>
<kw name="Input Username" library="admin_resource">
<arg>${username}</arg>
<kw name="Clear Element Text" library="SeleniumLibrary">
<arg>//input[@id='Email']</arg>
<doc>Clears the value of the text-input-element identified by ``locator``.</doc>
<status status="PASS" starttime="20230629 20:42:10.913" endtime="20230629 20:42:12.982"/>
</kw>
<kw name="Input Text" library="SeleniumLibrary">
<arg>//input[@id='Email']</arg>
<arg>${username}</arg>
<doc>Types the given ``text`` into the text field identified by ``locator``.</doc>
<msg timestamp="20230629 20:42:12.983" level="INFO">Typing text '' into text field '//input[@id='Email']'.</msg>
<status status="PASS" starttime="20230629 20:42:12.982" endtime="20230629 20:42:16.309"/>
</kw>
<status status="PASS" starttime="20230629 20:42:10.912" endtime="20230629 20:42:16.309"/>
</kw>
<kw name="Input Password" library="admin_resource">
<arg>${password}</arg>
<kw name="Clear Element Text" library="SeleniumLibrary">
<arg>//input[@id='Password']</arg>
<doc>Clears the value of the text-input-element identified by ``locator``.</doc>
<status status="PASS" starttime="20230629 20:42:16.309" endtime="20230629 20:42:18.356"/>
</kw>
<kw name="Input Text" library="SeleniumLibrary">
<arg>//input[@id='Password']</arg>
<arg>${password}</arg>
<doc>Types the given ``text`` into the text field identified by ``locator``.</doc>
<msg timestamp="20230629 20:42:18.357" level="INFO">Typing text 'admin' into text field '//input[@id='Password']'.</msg>
<status status="PASS" starttime="20230629 20:42:18.356" endtime="20230629 20:42:21.447"/>
</kw>
<status status="PASS" starttime="20230629 20:42:16.309" endtime="20230629 20:42:21.447"/>
</kw>
<kw name="Click to Login" library="admin_resource">
<kw name="Click Element" library="SeleniumLibrary">
<arg>//button[normalize-space()='Log in']</arg>
<doc>Click the element identified by ``locator``.</doc>
<msg timestamp="20230629 20:42:21.448" level="INFO">Clicking element '//button[normalize-space()='Log in']'.</msg>
<status status="PASS" starttime="20230629 20:42:21.448" endtime="20230629 20:42:23.513"/>
</kw>
<status status="PASS" starttime="20230629 20:42:21.447" endtime="20230629 20:42:23.513"/>
</kw>
<kw name="Varify Error Message" library="admin_resource">
<kw name="Page Should Contain" library="SeleniumLibrary">
<arg>Login was unsuccessful</arg>
<doc>Verifies that current page contains ``text``.</doc>
<msg timestamp="20230629 20:42:25.535" level="INFO">Current page contains text 'Login was unsuccessful'.</msg>
<status status="PASS" starttime="20230629 20:42:23.514" endtime="20230629 20:42:25.535"/>
</kw>
<status status="PASS" starttime="20230629 20:42:23.513" endtime="20230629 20:42:25.535"/>
</kw>
<status status="PASS" starttime="20230629 20:42:10.911" endtime="20230629 20:42:25.535"/>
</kw>
<status status="PASS" starttime="20230629 20:42:10.910" endtime="20230629 20:42:25.535"/>
</test>
<test id="s1-s1-t3" name="VALID USERNAME INVALID PASSWORD" line="12">
<kw name="Invalid Inputs">
<arg>admin@yourstore.com</arg>
<arg>adm</arg>
<kw name="Input Username" library="admin_resource">
<arg>${username}</arg>
<kw name="Clear Element Text" library="SeleniumLibrary">
<arg>//input[@id='Email']</arg>
<doc>Clears the value of the text-input-element identified by ``locator``.</doc>
<status status="PASS" starttime="20230629 20:42:25.537" endtime="20230629 20:42:27.587"/>
</kw>
<kw name="Input Text" library="SeleniumLibrary">
<arg>//input[@id='Email']</arg>
<arg>${username}</arg>
<doc>Types the given ``text`` into the text field identified by ``locator``.</doc>
<msg timestamp="20230629 20:42:27.588" level="INFO">Typing text 'admin@yourstore.com' into text field '//input[@id='Email']'.</msg>
<status status="PASS" starttime="20230629 20:42:27.587" endtime="20230629 20:42:30.723"/>
</kw>
<status status="PASS" starttime="20230629 20:42:25.537" endtime="20230629 20:42:30.723"/>
</kw>
<kw name="Input Password" library="admin_resource">
<arg>${password}</arg>
<kw name="Clear Element Text" library="SeleniumLibrary">
<arg>//input[@id='Password']</arg>
<doc>Clears the value of the text-input-element identified by ``locator``.</doc>
<status status="PASS" starttime="20230629 20:42:30.724" endtime="20230629 20:42:32.779"/>
</kw>
<kw name="Input Text" library="SeleniumLibrary">
<arg>//input[@id='Password']</arg>
<arg>${password}</arg>
<doc>Types the given ``text`` into the text field identified by ``locator``.</doc>
<msg timestamp="20230629 20:42:32.780" level="INFO">Typing text 'adm' into text field '//input[@id='Password']'.</msg>
<status status="PASS" starttime="20230629 20:42:32.779" endtime="20230629 20:42:35.880"/>
</kw>
<status status="PASS" starttime="20230629 20:42:30.724" endtime="20230629 20:42:35.880"/>
</kw>
<kw name="Click to Login" library="admin_resource">
<kw name="Click Element" library="SeleniumLibrary">
<arg>//button[normalize-space()='Log in']</arg>
<doc>Click the element identified by ``locator``.</doc>
<msg timestamp="20230629 20:42:35.882" level="INFO">Clicking element '//button[normalize-space()='Log in']'.</msg>
<status status="PASS" starttime="20230629 20:42:35.881" endtime="20230629 20:42:39.138"/>
</kw>
<status status="PASS" starttime="20230629 20:42:35.880" endtime="20230629 20:42:39.138"/>
</kw>
<kw name="Varify Error Message" library="admin_resource">
<kw name="Page Should Contain" library="SeleniumLibrary">
<arg>Login was unsuccessful</arg>
<doc>Verifies that current page contains ``text``.</doc>
<msg timestamp="20230629 20:42:41.154" level="INFO">Current page contains text 'Login was unsuccessful'.</msg>
<status status="PASS" starttime="20230629 20:42:39.139" endtime="20230629 20:42:41.154"/>
</kw>
<status status="PASS" starttime="20230629 20:42:39.138" endtime="20230629 20:42:41.154"/>
</kw>
<status status="PASS" starttime="20230629 20:42:25.536" endtime="20230629 20:42:41.154"/>
</kw>
<status status="PASS" starttime="20230629 20:42:25.536" endtime="20230629 20:42:41.154"/>
</test>
<test id="s1-s1-t4" name="INVALID PASSWORD VALID USERNAME" line="13">
<kw name="Invalid Inputs">
<arg>adm</arg>
<arg>admin@yourstore.com</arg>
<kw name="Input Username" library="admin_resource">
<arg>${username}</arg>
<kw name="Clear Element Text" library="SeleniumLibrary">
<arg>//input[@id='Email']</arg>
<doc>Clears the value of the text-input-element identified by ``locator``.</doc>
<status status="PASS" starttime="20230629 20:42:41.156" endtime="20230629 20:42:43.201"/>
</kw>
<kw name="Input Text" library="SeleniumLibrary">
<arg>//input[@id='Email']</arg>
<arg>${username}</arg>
<doc>Types the given ``text`` into the text field identified by ``locator``.</doc>
<msg timestamp="20230629 20:42:43.202" level="INFO">Typing text 'adm' into text field '//input[@id='Email']'.</msg>
<status status="PASS" starttime="20230629 20:42:43.201" endtime="20230629 20:42:46.290"/>
</kw>
<status status="PASS" starttime="20230629 20:42:41.156" endtime="20230629 20:42:46.290"/>
</kw>
<kw name="Input Password" library="admin_resource">
<arg>${password}</arg>
<kw name="Clear Element Text" library="SeleniumLibrary">
<arg>//input[@id='Password']</arg>
<doc>Clears the value of the text-input-element identified by ``locator``.</doc>
<status status="PASS" starttime="20230629 20:42:46.291" endtime="20230629 20:42:48.345"/>
</kw>
<kw name="Input Text" library="SeleniumLibrary">
<arg>//input[@id='Password']</arg>
<arg>${password}</arg>
<doc>Types the given ``text`` into the text field identified by ``locator``.</doc>
<msg timestamp="20230629 20:42:48.346" level="INFO">Typing text 'admin@yourstore.com' into text field '//input[@id='Password']'.</msg>
<status status="PASS" starttime="20230629 20:42:48.345" endtime="20230629 20:42:51.478"/>
</kw>
<status status="PASS" starttime="20230629 20:42:46.290" endtime="20230629 20:42:51.478"/>
</kw>
<kw name="Click to Login" library="admin_resource">
<kw name="Click Element" library="SeleniumLibrary">
<arg>//button[normalize-space()='Log in']</arg>
<doc>Click the element identified by ``locator``.</doc>
<msg timestamp="20230629 20:42:51.479" level="INFO">Clicking element '//button[normalize-space()='Log in']'.</msg>
<status status="PASS" starttime="20230629 20:42:51.479" endtime="20230629 20:42:53.532"/>
</kw>
<status status="PASS" starttime="20230629 20:42:51.478" endtime="20230629 20:42:53.532"/>
</kw>
<kw name="Varify Error Message" library="admin_resource">
<kw name="Page Should Contain" library="SeleniumLibrary">
<arg>Login was unsuccessful</arg>
<doc>Verifies that current page contains ``text``.</doc>
<msg timestamp="20230629 20:42:55.549" level="INFO">Current page contains text 'Login was unsuccessful'.</msg>
<status status="PASS" starttime="20230629 20:42:53.533" endtime="20230629 20:42:55.549"/>
</kw>
<status status="PASS" starttime="20230629 20:42:53.532" endtime="20230629 20:42:55.549"/>
</kw>
<status status="PASS" starttime="20230629 20:42:41.155" endtime="20230629 20:42:55.550"/>
</kw>
<status status="PASS" starttime="20230629 20:42:41.155" endtime="20230629 20:42:55.550"/>
</test>
<test id="s1-s1-t5" name="INVALID USERNAME INVALID PASSWORD" line="14">
<kw name="Invalid Inputs">
<arg>ad@yourstore.com</arg>
<arg>adm</arg>
<kw name="Input Username" library="admin_resource">
<arg>${username}</arg>
<kw name="Clear Element Text" library="SeleniumLibrary">
<arg>//input[@id='Email']</arg>
<doc>Clears the value of the text-input-element identified by ``locator``.</doc>
<status status="PASS" starttime="20230629 20:42:55.552" endtime="20230629 20:42:57.603"/>
</kw>
<kw name="Input Text" library="SeleniumLibrary">
<arg>//input[@id='Email']</arg>
<arg>${username}</arg>
<doc>Types the given ``text`` into the text field identified by ``locator``.</doc>
<msg timestamp="20230629 20:42:57.605" level="INFO">Typing text 'ad@yourstore.com' into text field '//input[@id='Email']'.</msg>
<status status="PASS" starttime="20230629 20:42:57.603" endtime="20230629 20:43:00.762"/>
</kw>
<status status="PASS" starttime="20230629 20:42:55.552" endtime="20230629 20:43:00.762"/>
</kw>
<kw name="Input Password" library="admin_resource">
<arg>${password}</arg>
<kw name="Clear Element Text" library="SeleniumLibrary">
<arg>//input[@id='Password']</arg>
<doc>Clears the value of the text-input-element identified by ``locator``.</doc>
<status status="PASS" starttime="20230629 20:43:00.763" endtime="20230629 20:43:02.806"/>
</kw>
<kw name="Input Text" library="SeleniumLibrary">
<arg>//input[@id='Password']</arg>
<arg>${password}</arg>
<doc>Types the given ``text`` into the text field identified by ``locator``.</doc>
<msg timestamp="20230629 20:43:02.807" level="INFO">Typing text 'adm' into text field '//input[@id='Password']'.</msg>
<status status="PASS" starttime="20230629 20:43:02.806" endtime="20230629 20:43:05.891"/>
</kw>
<status status="PASS" starttime="20230629 20:43:00.762" endtime="20230629 20:43:05.891"/>
</kw>
<kw name="Click to Login" library="admin_resource">
<kw name="Click Element" library="SeleniumLibrary">
<arg>//button[normalize-space()='Log in']</arg>
<doc>Click the element identified by ``locator``.</doc>
<msg timestamp="20230629 20:43:05.893" level="INFO">Clicking element '//button[normalize-space()='Log in']'.</msg>
<status status="PASS" starttime="20230629 20:43:05.892" endtime="20230629 20:43:08.357"/>
</kw>
<status status="PASS" starttime="20230629 20:43:05.891" endtime="20230629 20:43:08.357"/>
</kw>
<kw name="Varify Error Message" library="admin_resource">
<kw name="Page Should Contain" library="SeleniumLibrary">
<arg>Login was unsuccessful</arg>
<doc>Verifies that current page contains ``text``.</doc>
<msg timestamp="20230629 20:43:10.379" level="INFO">Current page contains text 'Login was unsuccessful'.</msg>
<status status="PASS" starttime="20230629 20:43:08.358" endtime="20230629 20:43:10.379"/>
</kw>
<status status="PASS" starttime="20230629 20:43:08.357" endtime="20230629 20:43:10.379"/>
</kw>
<status status="PASS" starttime="20230629 20:42:55.551" endtime="20230629 20:43:10.379"/>
</kw>
<status status="PASS" starttime="20230629 20:42:55.551" endtime="20230629 20:43:10.379"/>
</test>
<kw name="Close My Browser" library="admin_resource" type="TEARDOWN">
<kw name="Close All Browsers" library="SeleniumLibrary">
<doc>Closes all open browsers and resets the browser cache.</doc>
<status status="PASS" starttime="20230629 20:43:10.381" endtime="20230629 20:43:13.500"/>
</kw>
<status status="PASS" starttime="20230629 20:43:10.381" endtime="20230629 20:43:13.501"/>
</kw>
<status status="PASS" starttime="20230629 20:41:46.691" endtime="20230629 20:43:13.501"/>
</suite>
<status status="PASS" starttime="20230629 20:41:46.653" endtime="20230629 20:43:13.504"/>
</suite>
<statistics>
<total>
<stat pass="5" fail="0" skip="0">All Tests</stat>
</total>
<tag>
</tag>
<suite>
<stat pass="5" fail="0" skip="0" id="s1" name="Suites">Suites</stat>
<stat pass="5" fail="0" skip="0" id="s1-s1" name="Admin Testcase">Suites.Admin Testcase</stat>
</suite>
</statistics>
<errors>
</errors>
</robot>
