<?xml version="1.0" encoding="UTF-8"?>
<robot generator="Rebot 6.0.2 (Python 3.11.3 on win32)" generated="20230619 23:52:52.762" rpa="false" schemaversion="3">
<suite id="s1" name="Suites">
<suite id="s1-s1" name="POMLogintest" source="C:\Users\Admin\PycharmProjects\Robotautomation\Data_driven_testcase\POMLogintest.robot">
<test id="s1-s1-t1" name="Login Test" line="13">
<kw name="Open my browser" library="POMLoginKeywords">
<arg>${siteurl}</arg>
<arg>${browser}</arg>
<kw name="Open Browser" library="SeleniumLibrary">
<arg>${SiteURL}</arg>
<arg>${Browser}</arg>
<doc>Opens a new browser instance to the optional ``url``.</doc>
<msg timestamp="20230619 23:52:30.372" level="INFO">Opening browser 'chrome' to base url 'https://demo.guru99.com/test/newtours/index.php'.</msg>
<status status="PASS" starttime="20230619 23:52:30.370" endtime="20230619 23:52:39.916"/>
</kw>
<kw name="Maximize Browser Window" library="SeleniumLibrary">
<doc>Maximizes current browser window.</doc>
<status status="PASS" starttime="20230619 23:52:39.916" endtime="20230619 23:52:40.200"/>
</kw>
<status status="PASS" starttime="20230619 23:52:30.369" endtime="20230619 23:52:40.202"/>
</kw>
<kw name="Enter Username" library="POMLoginKeywords">
<arg>${user}</arg>
<kw name="Input Text" library="SeleniumLibrary">
<arg>${txt_loginUsername}</arg>
<arg>${username}</arg>
<doc>Types the given ``text`` into the text field identified by ``locator``.</doc>
<msg timestamp="20230619 23:52:40.203" level="INFO">Typing text 'tutorial' into text field 'name:userName'.</msg>
<status status="PASS" starttime="20230619 23:52:40.203" endtime="20230619 23:52:41.416"/>
</kw>
<status status="PASS" starttime="20230619 23:52:40.202" endtime="20230619 23:52:41.417"/>
</kw>
<kw name="Enter Password" library="POMLoginKeywords">
<arg>${password}</arg>
<kw name="Input Text" library="SeleniumLibrary">
<arg>${txt_loginPassword}</arg>
<arg>${password}</arg>
<doc>Types the given ``text`` into the text field identified by ``locator``.</doc>
<msg timestamp="20230619 23:52:41.421" level="INFO">Typing text 'tutorial' into text field 'name:password'.</msg>
<status status="PASS" starttime="20230619 23:52:41.419" endtime="20230619 23:52:41.669"/>
</kw>
<status status="PASS" starttime="20230619 23:52:41.418" endtime="20230619 23:52:41.670"/>
</kw>
<kw name="Click Signin" library="POMLoginKeywords">
<kw name="Click Button" library="SeleniumLibrary">
<arg>${btn_signin}</arg>
<doc>Clicks the button identified by ``locator``.</doc>
<msg timestamp="20230619 23:52:41.672" level="INFO">Clicking button 'xpath://input[@name='submit']'.</msg>
<status status="PASS" starttime="20230619 23:52:41.671" endtime="20230619 23:52:43.853"/>
</kw>
<status status="PASS" starttime="20230619 23:52:41.670" endtime="20230619 23:52:43.853"/>
</kw>
<kw name="Verify succesful login" library="POMLoginKeywords">
<kw name="Title Should Be" library="SeleniumLibrary">
<arg>Login: Mercury Tours</arg>
<doc>Verifies that the current page title equals ``title``.</doc>
<msg timestamp="20230619 23:52:43.862" level="INFO">Page title is 'Login: Mercury Tours'.</msg>
<status status="PASS" starttime="20230619 23:52:43.854" endtime="20230619 23:52:43.862"/>
</kw>
<status status="PASS" starttime="20230619 23:52:43.854" endtime="20230619 23:52:43.862"/>
</kw>
<kw name="Close All Browsers" library="SeleniumLibrary">
<doc>Closes all open browsers and resets the browser cache.</doc>
<status status="PASS" starttime="20230619 23:52:43.862" endtime="20230619 23:52:50.268"/>
</kw>
<status status="PASS" starttime="20230619 23:52:30.367" endtime="20230619 23:52:50.270"/>
</test>
<status status="PASS" starttime="20230619 23:52:29.902" endtime="20230619 23:52:50.274"/>
</suite>
<suite id="s1-s2" name="POMRegistration" source="C:\Users\Admin\PycharmProjects\Robotautomation\Data_driven_testcase\POMRegistration.robot">
<test id="s1-s2-t1" name="Registration" line="11">
<kw name="Open my Browser" library="POMregistrationkey">
<arg>${Url}</arg>
<arg>${browser}</arg>
<kw name="Open Browser" library="SeleniumLibrary">
<arg>${siteurl}</arg>
<arg>${browser}</arg>
<doc>Opens a new browser instance to the optional ``url``.</doc>
<msg timestamp="20230619 23:52:30.437" level="INFO">Opening browser 'chrome' to base url 'https://demo.guru99.com/test/newtours/index.php'.</msg>
<status status="PASS" starttime="20230619 23:52:30.436" endtime="20230619 23:52:38.210"/>
</kw>
<kw name="Maximize Browser Window" library="SeleniumLibrary">
<doc>Maximizes current browser window.</doc>
<status status="PASS" starttime="20230619 23:52:38.210" endtime="20230619 23:52:38.424"/>
</kw>
<status status="PASS" starttime="20230619 23:52:30.434" endtime="20230619 23:52:38.425"/>
</kw>
<kw name="Click on register" library="POMregistrationkey">
<kw name="Click Element" library="SeleniumLibrary">
<arg>${link_reg}</arg>
<doc>Click the element identified by ``locator``.</doc>
<msg timestamp="20230619 23:52:38.428" level="INFO">Clicking element '//a[normalize-space()='REGISTER']'.</msg>
<status status="PASS" starttime="20230619 23:52:38.427" endtime="20230619 23:52:39.579"/>
</kw>
<status status="PASS" starttime="20230619 23:52:38.425" endtime="20230619 23:52:39.579"/>
</kw>
<kw name="Enter Firstname" library="POMregistrationkey">
<arg>Devid</arg>
<kw name="Input Text" library="SeleniumLibrary">
<arg>${txt_firstname}</arg>
<arg>${firstname}</arg>
<doc>Types the given ``text`` into the text field identified by ``locator``.</doc>
<msg timestamp="20230619 23:52:39.585" level="INFO">Typing text 'Devid' into text field '//input[@name='firstName']'.</msg>
<status status="PASS" starttime="20230619 23:52:39.584" endtime="20230619 23:52:41.309"/>
</kw>
<status status="PASS" starttime="20230619 23:52:39.579" endtime="20230619 23:52:41.310"/>
</kw>
<kw name="Enter Lastname" library="POMregistrationkey">
<arg>Scott</arg>
<kw name="Input Text" library="SeleniumLibrary">
<arg>${txt_lastname}</arg>
<arg>${lastname}</arg>
<doc>Types the given ``text`` into the text field identified by ``locator``.</doc>
<msg timestamp="20230619 23:52:41.312" level="INFO">Typing text 'Scott' into text field '//input[@name='lastName']'.</msg>
<status status="PASS" starttime="20230619 23:52:41.311" endtime="20230619 23:52:41.495"/>
</kw>
<status status="PASS" starttime="20230619 23:52:41.310" endtime="20230619 23:52:41.495"/>
</kw>
<kw name="Enter Phone" library="POMregistrationkey">
<arg>1234567890</arg>
<kw name="Input Text" library="SeleniumLibrary">
<arg>${txt_phone}</arg>
<arg>${phonenumber}</arg>
<doc>Types the given ``text`` into the text field identified by ``locator``.</doc>
<msg timestamp="20230619 23:52:41.500" level="INFO">Typing text '1234567890' into text field '//input[@name='phone']'.</msg>
<status status="PASS" starttime="20230619 23:52:41.498" endtime="20230619 23:52:41.769"/>
</kw>
<status status="PASS" starttime="20230619 23:52:41.495" endtime="20230619 23:52:41.770"/>
</kw>
<kw name="Enter Email" library="POMregistrationkey">
<arg>dev@gmail.com</arg>
<kw name="Input Text" library="SeleniumLibrary">
<arg>${txt_email}</arg>
<arg>${Email}</arg>
<doc>Types the given ``text`` into the text field identified by ``locator``.</doc>
<msg timestamp="20230619 23:52:41.772" level="INFO">Typing text 'dev@gmail.com' into text field '//input[@id='userName']'.</msg>
<status status="PASS" starttime="20230619 23:52:41.771" endtime="20230619 23:52:42.025"/>
</kw>
<status status="PASS" starttime="20230619 23:52:41.770" endtime="20230619 23:52:42.025"/>
</kw>
<kw name="Enter City" library="POMregistrationkey">
<arg>New York</arg>
<kw name="Input Text" library="SeleniumLibrary">
<arg>${txt_city}</arg>
<doc>Types the given ``text`` into the text field identified by ``locator``.</doc>
<msg timestamp="20230619 23:52:42.027" level="FAIL">Keyword 'SeleniumLibrary.Input Text' expected 2 to 3 arguments, got 1.</msg>
<status status="FAIL" starttime="20230619 23:52:42.027" endtime="20230619 23:52:42.027"/>
</kw>
<status status="FAIL" starttime="20230619 23:52:42.026" endtime="20230619 23:52:42.028"/>
</kw>
<kw name="Enter postel code" library="POMregistrationkey">
<arg>115003</arg>
<status status="NOT RUN" starttime="20230619 23:52:42.029" endtime="20230619 23:52:42.030"/>
</kw>
<kw name="Select Country" library="POMregistrationkey">
<arg>UNITED STATES</arg>
<status status="NOT RUN" starttime="20230619 23:52:42.030" endtime="20230619 23:52:42.031"/>
</kw>
<kw name="Enter Username" library="POMregistrationkey">
<arg>Dscott</arg>
<status status="NOT RUN" starttime="20230619 23:52:42.032" endtime="20230619 23:52:42.032"/>
</kw>
<kw name="Enter Password" library="POMregistrationkey">
<arg>12345</arg>
<status status="NOT RUN" starttime="20230619 23:52:42.033" endtime="20230619 23:52:42.033"/>
</kw>
<kw name="Enter Confirm Pwd" library="POMregistrationkey">
<arg>12345</arg>
<status status="NOT RUN" starttime="20230619 23:52:42.033" endtime="20230619 23:52:42.033"/>
</kw>
<kw name="Click Signup" library="POMregistrationkey">
<status status="NOT RUN" starttime="20230619 23:52:42.034" endtime="20230619 23:52:42.034"/>
</kw>
<kw name="Verify Sucessful Registration Page" library="POMregistrationkey">
<status status="NOT RUN" starttime="20230619 23:52:42.035" endtime="20230619 23:52:42.036"/>
</kw>
<kw name="Close my browser" library="POMregistrationkey">
<status status="NOT RUN" starttime="20230619 23:52:42.036" endtime="20230619 23:52:42.036"/>
</kw>
<status status="FAIL" starttime="20230619 23:52:30.431" endtime="20230619 23:52:42.036">Keyword 'SeleniumLibrary.Input Text' expected 2 to 3 arguments, got 1.</status>
</test>
<status status="FAIL" starttime="20230619 23:52:30.035" endtime="20230619 23:52:42.039"/>
</suite>
<suite id="s1-s3" name="SetupAndTeardown" source="C:\Users\Admin\PycharmProjects\Robotautomation\Data_driven_testcase\SetupAndTeardown.robot">
<kw name="Log To Console" library="BuiltIn" type="SETUP">
<arg>Opening Browser</arg>
<doc>Logs the given message to the console.</doc>
<status status="PASS" starttime="20230619 23:52:29.920" endtime="20230619 23:52:29.921"/>
</kw>
<test id="s1-s3-t1" name="TC 1 Prepaid Recharge" line="11">
<kw name="Log To Console" library="BuiltIn" type="SETUP">
<arg>Login to appplication</arg>
<doc>Logs the given message to the console.</doc>
<status status="PASS" starttime="20230619 23:52:29.922" endtime="20230619 23:52:29.922"/>
</kw>
<kw name="Log To Console" library="BuiltIn">
<arg>this is prepaid recharge testcase</arg>
<doc>Logs the given message to the console.</doc>
<status status="PASS" starttime="20230619 23:52:29.922" endtime="20230619 23:52:29.922"/>
</kw>
<kw name="Log To Console" library="BuiltIn" type="TEARDOWN">
<arg>Logout from application</arg>
<doc>Logs the given message to the console.</doc>
<status status="PASS" starttime="20230619 23:52:29.922" endtime="20230619 23:52:29.922"/>
</kw>
<status status="PASS" starttime="20230619 23:52:29.922" endtime="20230619 23:52:29.922"/>
</test>
<test id="s1-s3-t2" name="TC 2 Postpaid recharge" line="14">
<kw name="Log To Console" library="BuiltIn" type="SETUP">
<arg>Login to appplication</arg>
<doc>Logs the given message to the console.</doc>
<status status="PASS" starttime="20230619 23:52:29.922" endtime="20230619 23:52:29.927"/>
</kw>
<kw name="Log To Console" library="BuiltIn">
<arg>this is postpaid recharge testcase</arg>
<doc>Logs the given message to the console.</doc>
<status status="PASS" starttime="20230619 23:52:29.927" endtime="20230619 23:52:29.927"/>
</kw>
<kw name="Log To Console" library="BuiltIn" type="TEARDOWN">
<arg>Logout from application</arg>
<doc>Logs the given message to the console.</doc>
<status status="PASS" starttime="20230619 23:52:29.927" endtime="20230619 23:52:29.927"/>
</kw>
<status status="PASS" starttime="20230619 23:52:29.922" endtime="20230619 23:52:29.927"/>
</test>
<test id="s1-s3-t3" name="TC 3 search" line="17">
<kw name="Log To Console" library="BuiltIn" type="SETUP">
<arg>Login to appplication</arg>
<doc>Logs the given message to the console.</doc>
<status status="PASS" starttime="20230619 23:52:29.927" endtime="20230619 23:52:29.931"/>
</kw>
<kw name="Log To Console" library="BuiltIn">
<arg>this is search test case</arg>
<doc>Logs the given message to the console.</doc>
<status status="PASS" starttime="20230619 23:52:29.931" endtime="20230619 23:52:29.932"/>
</kw>
<kw name="Log To Console" library="BuiltIn" type="TEARDOWN">
<arg>Logout from application</arg>
<doc>Logs the given message to the console.</doc>
<status status="PASS" starttime="20230619 23:52:29.933" endtime="20230619 23:52:29.933"/>
</kw>
<status status="PASS" starttime="20230619 23:52:29.927" endtime="20230619 23:52:29.933"/>
</test>
<test id="s1-s3-t4" name="TC 4 Advanced search" line="20">
<kw name="Log To Console" library="BuiltIn" type="SETUP">
<arg>Login to appplication</arg>
<doc>Logs the given message to the console.</doc>
<status status="PASS" starttime="20230619 23:52:29.933" endtime="20230619 23:52:29.933"/>
</kw>
<kw name="Log To Console" library="BuiltIn">
<arg>this is adv search testcase</arg>
<doc>Logs the given message to the console.</doc>
<status status="PASS" starttime="20230619 23:52:29.933" endtime="20230619 23:52:29.933"/>
</kw>
<kw name="Log To Console" library="BuiltIn" type="TEARDOWN">
<arg>Logout from application</arg>
<doc>Logs the given message to the console.</doc>
<status status="PASS" starttime="20230619 23:52:29.933" endtime="20230619 23:52:29.937"/>
</kw>
<status status="PASS" starttime="20230619 23:52:29.933" endtime="20230619 23:52:29.937"/>
</test>
<kw name="Log To Console" library="BuiltIn" type="TEARDOWN">
<arg>Closing Browser</arg>
<doc>Logs the given message to the console.</doc>
<status status="PASS" starttime="20230619 23:52:29.938" endtime="20230619 23:52:29.941"/>
</kw>
<status status="PASS" starttime="20230619 23:52:29.914" endtime="20230619 23:52:29.941"/>
</suite>
<suite id="s1-s4" name="Tagging" source="C:\Users\Admin\PycharmProjects\Robotautomation\Data_driven_testcase\Tagging.robot">
<test id="s1-s4-t1" name="TC 1 User registration test" line="6">
<kw name="Log To Console" library="BuiltIn">
<arg>this is user reg test</arg>
<doc>Logs the given message to the console.</doc>
<status status="PASS" starttime="20230619 23:52:29.964" endtime="20230619 23:52:29.965"/>
</kw>
<kw name="Log To Console" library="BuiltIn">
<arg>user reg test is over</arg>
<doc>Logs the given message to the console.</doc>
<status status="PASS" starttime="20230619 23:52:29.965" endtime="20230619 23:52:29.966"/>
</kw>
<tag>sanity</tag>
<status status="PASS" starttime="20230619 23:52:29.963" endtime="20230619 23:52:29.966"/>
</test>
<test id="s1-s4-t2" name="TC 2 login test" line="11">
<kw name="Log To Console" library="BuiltIn">
<arg>this is login test</arg>
<doc>Logs the given message to the console.</doc>
<status status="PASS" starttime="20230619 23:52:29.968" endtime="20230619 23:52:29.968"/>
</kw>
<kw name="Log To Console" library="BuiltIn">
<arg>login test is over</arg>
<doc>Logs the given message to the console.</doc>
<status status="PASS" starttime="20230619 23:52:29.970" endtime="20230619 23:52:29.970"/>
</kw>
<tag>regression</tag>
<status status="PASS" starttime="20230619 23:52:29.967" endtime="20230619 23:52:29.973"/>
</test>
<test id="s1-s4-t3" name="TC 3 change user setting" line="16">
<kw name="Log To Console" library="BuiltIn">
<arg>this is changing user setting test</arg>
<doc>Logs the given message to the console.</doc>
<status status="PASS" starttime="20230619 23:52:29.974" endtime="20230619 23:52:29.974"/>
</kw>
<kw name="Log To Console" library="BuiltIn">
<arg>user setting test is over</arg>
<doc>Logs the given message to the console.</doc>
<status status="PASS" starttime="20230619 23:52:29.975" endtime="20230619 23:52:29.976"/>
</kw>
<tag>regression</tag>
<status status="PASS" starttime="20230619 23:52:29.973" endtime="20230619 23:52:29.976"/>
</test>
<test id="s1-s4-t4" name="TC 3 logout test" line="21">
<kw name="Log To Console" library="BuiltIn">
<arg>this is logout test</arg>
<doc>Logs the given message to the console.</doc>
<status status="PASS" starttime="20230619 23:52:29.978" endtime="20230619 23:52:29.979"/>
</kw>
<kw name="Log To Console" library="BuiltIn">
<arg>logout test is over</arg>
<doc>Logs the given message to the console.</doc>
<status status="PASS" starttime="20230619 23:52:29.980" endtime="20230619 23:52:29.986"/>
</kw>
<tag>sanity</tag>
<status status="PASS" starttime="20230619 23:52:29.977" endtime="20230619 23:52:29.986"/>
</test>
<status status="PASS" starttime="20230619 23:52:29.958" endtime="20230619 23:52:29.987"/>
</suite>
<suite id="s1-s5" name="TestCase 1" source="C:\Users\Admin\PycharmProjects\Robotautomation\Data_driven_testcase\TestCase_1.robot">
<kw name="Open my browser" library="Login_resource" type="SETUP">
<kw name="Open Browser" library="SeleniumLibrary">
<arg>${Login URL}</arg>
<arg>${browser}</arg>
<doc>Opens a new browser instance to the optional ``url``.</doc>
<msg timestamp="20230619 23:52:30.362" level="INFO">Opening browser 'chrome' to base url 'https://admin-demo.nopcommerce.com/login?ReturnUrl=%2Fadmin%2F'.</msg>
<status status="PASS" starttime="20230619 23:52:30.362" endtime="20230619 23:52:34.899"/>
</kw>
<kw name="Maximize Browser Window" library="SeleniumLibrary">
<doc>Maximizes current browser window.</doc>
<status status="PASS" starttime="20230619 23:52:34.900" endtime="20230619 23:52:35.095"/>
</kw>
<status status="PASS" starttime="20230619 23:52:30.361" endtime="20230619 23:52:35.095"/>
</kw>
<test id="s1-s5-t1" name="Right Username Empty Password" line="9">
<kw name="Invalide Login">
<arg>admin@yourstore.com</arg>
<arg>${EMPTY}</arg>
<kw name="Input Username" library="Login_resource">
<arg>${username}</arg>
<kw name="Input Text" library="SeleniumLibrary">
<arg>id:Email</arg>
<arg>${username}</arg>
<doc>Types the given ``text`` into the text field identified by ``locator``.</doc>
<msg timestamp="20230619 23:52:35.107" level="INFO">Typing text 'admin@yourstore.com' into text field 'id:Email'.</msg>
<status status="PASS" starttime="20230619 23:52:35.102" endtime="20230619 23:52:35.760"/>
</kw>
<status status="PASS" starttime="20230619 23:52:35.097" endtime="20230619 23:52:35.760"/>
</kw>
<kw name="Input Password" library="Login_resource">
<arg>${password}</arg>
<kw name="Input Text" library="SeleniumLibrary">
<arg>id:Password</arg>
<arg>${password}</arg>
<doc>Types the given ``text`` into the text field identified by ``locator``.</doc>
<msg timestamp="20230619 23:52:35.765" level="INFO">Typing text '' into text field 'id:Password'.</msg>
<status status="PASS" starttime="20230619 23:52:35.760" endtime="20230619 23:52:35.988"/>
</kw>
<status status="PASS" starttime="20230619 23:52:35.760" endtime="20230619 23:52:35.988"/>
</kw>
<kw name="Click Login Button" library="Login_resource">
<kw name="Click Element" library="SeleniumLibrary">
<arg>xpath://button[normalize-space()='Log in']</arg>
<doc>Click the element identified by ``locator``.</doc>
<msg timestamp="20230619 23:52:35.990" level="INFO">Clicking element 'xpath://button[normalize-space()='Log in']'.</msg>
<status status="PASS" starttime="20230619 23:52:35.989" endtime="20230619 23:52:37.387"/>
</kw>
<status status="PASS" starttime="20230619 23:52:35.988" endtime="20230619 23:52:37.387"/>
</kw>
<kw name="Error massage" library="Login_resource">
<kw name="Page Should Contain" library="SeleniumLibrary">
<arg>Login was unsuccessful.</arg>
<doc>Verifies that current page contains ``text``.</doc>
<msg timestamp="20230619 23:52:37.440" level="INFO">Current page contains text 'Login was unsuccessful.'.</msg>
<status status="PASS" starttime="20230619 23:52:37.387" endtime="20230619 23:52:37.440"/>
</kw>
<status status="PASS" starttime="20230619 23:52:37.387" endtime="20230619 23:52:37.440"/>
</kw>
<status status="PASS" starttime="20230619 23:52:35.097" endtime="20230619 23:52:37.441"/>
</kw>
<status status="PASS" starttime="20230619 23:52:35.095" endtime="20230619 23:52:37.442"/>
</test>
<test id="s1-s5-t2" name="Right Username Wrong Password" line="10">
<kw name="Invalide Login">
<arg>admin@yourstore.com</arg>
<arg>xyz</arg>
<kw name="Input Username" library="Login_resource">
<arg>${username}</arg>
<kw name="Input Text" library="SeleniumLibrary">
<arg>id:Email</arg>
<arg>${username}</arg>
<doc>Types the given ``text`` into the text field identified by ``locator``.</doc>
<msg timestamp="20230619 23:52:37.447" level="INFO">Typing text 'admin@yourstore.com' into text field 'id:Email'.</msg>
<status status="PASS" starttime="20230619 23:52:37.446" endtime="20230619 23:52:37.592"/>
</kw>
<status status="PASS" starttime="20230619 23:52:37.445" endtime="20230619 23:52:37.593"/>
</kw>
<kw name="Input Password" library="Login_resource">
<arg>${password}</arg>
<kw name="Input Text" library="SeleniumLibrary">
<arg>id:Password</arg>
<arg>${password}</arg>
<doc>Types the given ``text`` into the text field identified by ``locator``.</doc>
<msg timestamp="20230619 23:52:37.594" level="INFO">Typing text 'xyz' into text field 'id:Password'.</msg>
<status status="PASS" starttime="20230619 23:52:37.593" endtime="20230619 23:52:37.701"/>
</kw>
<status status="PASS" starttime="20230619 23:52:37.593" endtime="20230619 23:52:37.701"/>
</kw>
<kw name="Click Login Button" library="Login_resource">
<kw name="Click Element" library="SeleniumLibrary">
<arg>xpath://button[normalize-space()='Log in']</arg>
<doc>Click the element identified by ``locator``.</doc>
<msg timestamp="20230619 23:52:37.703" level="INFO">Clicking element 'xpath://button[normalize-space()='Log in']'.</msg>
<status status="PASS" starttime="20230619 23:52:37.702" endtime="20230619 23:52:38.173"/>
</kw>
<status status="PASS" starttime="20230619 23:52:37.701" endtime="20230619 23:52:38.173"/>
</kw>
<kw name="Error massage" library="Login_resource">
<kw name="Page Should Contain" library="SeleniumLibrary">
<arg>Login was unsuccessful.</arg>
<doc>Verifies that current page contains ``text``.</doc>
<msg timestamp="20230619 23:52:38.471" level="INFO">Current page contains text 'Login was unsuccessful.'.</msg>
<status status="PASS" starttime="20230619 23:52:38.173" endtime="20230619 23:52:38.471"/>
</kw>
<status status="PASS" starttime="20230619 23:52:38.173" endtime="20230619 23:52:38.473"/>
</kw>
<status status="PASS" starttime="20230619 23:52:37.443" endtime="20230619 23:52:38.473"/>
</kw>
<status status="PASS" starttime="20230619 23:52:37.443" endtime="20230619 23:52:38.474"/>
</test>
<test id="s1-s5-t3" name="Wrong Username Right Password" line="11">
<kw name="Invalide Login">
<arg>xyz@yourstore.com</arg>
<arg>admin</arg>
<kw name="Input Username" library="Login_resource">
<arg>${username}</arg>
<kw name="Input Text" library="SeleniumLibrary">
<arg>id:Email</arg>
<arg>${username}</arg>
<doc>Types the given ``text`` into the text field identified by ``locator``.</doc>
<msg timestamp="20230619 23:52:38.474" level="INFO">Typing text 'xyz@yourstore.com' into text field 'id:Email'.</msg>
<status status="PASS" starttime="20230619 23:52:38.474" endtime="20230619 23:52:38.744"/>
</kw>
<status status="PASS" starttime="20230619 23:52:38.474" endtime="20230619 23:52:38.744"/>
</kw>
<kw name="Input Password" library="Login_resource">
<arg>${password}</arg>
<kw name="Input Text" library="SeleniumLibrary">
<arg>id:Password</arg>
<arg>${password}</arg>
<doc>Types the given ``text`` into the text field identified by ``locator``.</doc>
<msg timestamp="20230619 23:52:38.746" level="INFO">Typing text 'admin' into text field 'id:Password'.</msg>
<status status="PASS" starttime="20230619 23:52:38.746" endtime="20230619 23:52:38.992"/>
</kw>
<status status="PASS" starttime="20230619 23:52:38.745" endtime="20230619 23:52:38.993"/>
</kw>
<kw name="Click Login Button" library="Login_resource">
<kw name="Click Element" library="SeleniumLibrary">
<arg>xpath://button[normalize-space()='Log in']</arg>
<doc>Click the element identified by ``locator``.</doc>
<msg timestamp="20230619 23:52:38.993" level="INFO">Clicking element 'xpath://button[normalize-space()='Log in']'.</msg>
<status status="PASS" starttime="20230619 23:52:38.993" endtime="20230619 23:52:39.508"/>
</kw>
<status status="PASS" starttime="20230619 23:52:38.993" endtime="20230619 23:52:39.508"/>
</kw>
<kw name="Error massage" library="Login_resource">
<kw name="Page Should Contain" library="SeleniumLibrary">
<arg>Login was unsuccessful.</arg>
<doc>Verifies that current page contains ``text``.</doc>
<msg timestamp="20230619 23:52:39.688" level="INFO">Current page contains text 'Login was unsuccessful.'.</msg>
<status status="PASS" starttime="20230619 23:52:39.508" endtime="20230619 23:52:39.688"/>
</kw>
<status status="PASS" starttime="20230619 23:52:39.508" endtime="20230619 23:52:39.689"/>
</kw>
<status status="PASS" starttime="20230619 23:52:38.474" endtime="20230619 23:52:39.689"/>
</kw>
<status status="PASS" starttime="20230619 23:52:38.474" endtime="20230619 23:52:39.689"/>
</test>
<test id="s1-s5-t4" name="Wrong Username Empty Password" line="12">
<kw name="Invalide Login">
<arg>xyz@yourstore.com</arg>
<arg>${EMPTY}</arg>
<kw name="Input Username" library="Login_resource">
<arg>${username}</arg>
<kw name="Input Text" library="SeleniumLibrary">
<arg>id:Email</arg>
<arg>${username}</arg>
<doc>Types the given ``text`` into the text field identified by ``locator``.</doc>
<msg timestamp="20230619 23:52:39.693" level="INFO">Typing text 'xyz@yourstore.com' into text field 'id:Email'.</msg>
<status status="PASS" starttime="20230619 23:52:39.693" endtime="20230619 23:52:39.954"/>
</kw>
<status status="PASS" starttime="20230619 23:52:39.692" endtime="20230619 23:52:39.954"/>
</kw>
<kw name="Input Password" library="Login_resource">
<arg>${password}</arg>
<kw name="Input Text" library="SeleniumLibrary">
<arg>id:Password</arg>
<arg>${password}</arg>
<doc>Types the given ``text`` into the text field identified by ``locator``.</doc>
<msg timestamp="20230619 23:52:39.957" level="INFO">Typing text '' into text field 'id:Password'.</msg>
<status status="PASS" starttime="20230619 23:52:39.956" endtime="20230619 23:52:40.227"/>
</kw>
<status status="PASS" starttime="20230619 23:52:39.954" endtime="20230619 23:52:40.227"/>
</kw>
<kw name="Click Login Button" library="Login_resource">
<kw name="Click Element" library="SeleniumLibrary">
<arg>xpath://button[normalize-space()='Log in']</arg>
<doc>Click the element identified by ``locator``.</doc>
<msg timestamp="20230619 23:52:40.227" level="INFO">Clicking element 'xpath://button[normalize-space()='Log in']'.</msg>
<status status="PASS" starttime="20230619 23:52:40.227" endtime="20230619 23:52:40.681"/>
</kw>
<status status="PASS" starttime="20230619 23:52:40.227" endtime="20230619 23:52:40.681"/>
</kw>
<kw name="Error massage" library="Login_resource">
<kw name="Page Should Contain" library="SeleniumLibrary">
<arg>Login was unsuccessful.</arg>
<doc>Verifies that current page contains ``text``.</doc>
<msg timestamp="20230619 23:52:40.802" level="INFO">Current page contains text 'Login was unsuccessful.'.</msg>
<status status="PASS" starttime="20230619 23:52:40.681" endtime="20230619 23:52:40.802"/>
</kw>
<status status="PASS" starttime="20230619 23:52:40.681" endtime="20230619 23:52:40.802"/>
</kw>
<status status="PASS" starttime="20230619 23:52:39.691" endtime="20230619 23:52:40.803"/>
</kw>
<status status="PASS" starttime="20230619 23:52:39.690" endtime="20230619 23:52:40.803"/>
</test>
<test id="s1-s5-t5" name="Wrong Username Wrong Password" line="13">
<kw name="Invalide Login">
<arg>xyz@yourstore.com</arg>
<arg>xyz</arg>
<kw name="Input Username" library="Login_resource">
<arg>${username}</arg>
<kw name="Input Text" library="SeleniumLibrary">
<arg>id:Email</arg>
<arg>${username}</arg>
<doc>Types the given ``text`` into the text field identified by ``locator``.</doc>
<msg timestamp="20230619 23:52:40.808" level="INFO">Typing text 'xyz@yourstore.com' into text field 'id:Email'.</msg>
<status status="PASS" starttime="20230619 23:52:40.806" endtime="20230619 23:52:40.969"/>
</kw>
<status status="PASS" starttime="20230619 23:52:40.805" endtime="20230619 23:52:40.969"/>
</kw>
<kw name="Input Password" library="Login_resource">
<arg>${password}</arg>
<kw name="Input Text" library="SeleniumLibrary">
<arg>id:Password</arg>
<arg>${password}</arg>
<doc>Types the given ``text`` into the text field identified by ``locator``.</doc>
<msg timestamp="20230619 23:52:40.972" level="INFO">Typing text 'xyz' into text field 'id:Password'.</msg>
<status status="PASS" starttime="20230619 23:52:40.971" endtime="20230619 23:52:41.135"/>
</kw>
<status status="PASS" starttime="20230619 23:52:40.970" endtime="20230619 23:52:41.135"/>
</kw>
<kw name="Click Login Button" library="Login_resource">
<kw name="Click Element" library="SeleniumLibrary">
<arg>xpath://button[normalize-space()='Log in']</arg>
<doc>Click the element identified by ``locator``.</doc>
<msg timestamp="20230619 23:52:41.137" level="INFO">Clicking element 'xpath://button[normalize-space()='Log in']'.</msg>
<status status="PASS" starttime="20230619 23:52:41.136" endtime="20230619 23:52:41.579"/>
</kw>
<status status="PASS" starttime="20230619 23:52:41.135" endtime="20230619 23:52:41.579"/>
</kw>
<kw name="Error massage" library="Login_resource">
<kw name="Page Should Contain" library="SeleniumLibrary">
<arg>Login was unsuccessful.</arg>
<doc>Verifies that current page contains ``text``.</doc>
<msg timestamp="20230619 23:52:41.758" level="INFO">Current page contains text 'Login was unsuccessful.'.</msg>
<status status="PASS" starttime="20230619 23:52:41.579" endtime="20230619 23:52:41.758"/>
</kw>
<status status="PASS" starttime="20230619 23:52:41.579" endtime="20230619 23:52:41.759"/>
</kw>
<status status="PASS" starttime="20230619 23:52:40.804" endtime="20230619 23:52:41.759"/>
</kw>
<status status="PASS" starttime="20230619 23:52:40.804" endtime="20230619 23:52:41.760"/>
</test>
<test id="s1-s5-t6" name="Right Username Right Password" line="14">
<kw name="Invalide Login">
<arg>admin@yourstore.com</arg>
<arg>admin</arg>
<kw name="Input Username" library="Login_resource">
<arg>${username}</arg>
<kw name="Input Text" library="SeleniumLibrary">
<arg>id:Email</arg>
<arg>${username}</arg>
<doc>Types the given ``text`` into the text field identified by ``locator``.</doc>
<msg timestamp="20230619 23:52:41.767" level="INFO">Typing text 'admin@yourstore.com' into text field 'id:Email'.</msg>
<status status="PASS" starttime="20230619 23:52:41.762" endtime="20230619 23:52:41.958"/>
</kw>
<status status="PASS" starttime="20230619 23:52:41.762" endtime="20230619 23:52:41.958"/>
</kw>
<kw name="Input Password" library="Login_resource">
<arg>${password}</arg>
<kw name="Input Text" library="SeleniumLibrary">
<arg>id:Password</arg>
<arg>${password}</arg>
<doc>Types the given ``text`` into the text field identified by ``locator``.</doc>
<msg timestamp="20230619 23:52:41.961" level="INFO">Typing text 'admin' into text field 'id:Password'.</msg>
<status status="PASS" starttime="20230619 23:52:41.960" endtime="20230619 23:52:42.170"/>
</kw>
<status status="PASS" starttime="20230619 23:52:41.958" endtime="20230619 23:52:42.170"/>
</kw>
<kw name="Click Login Button" library="Login_resource">
<kw name="Click Element" library="SeleniumLibrary">
<arg>xpath://button[normalize-space()='Log in']</arg>
<doc>Click the element identified by ``locator``.</doc>
<msg timestamp="20230619 23:52:42.175" level="INFO">Clicking element 'xpath://button[normalize-space()='Log in']'.</msg>
<status status="PASS" starttime="20230619 23:52:42.175" endtime="20230619 23:52:45.649"/>
</kw>
<status status="PASS" starttime="20230619 23:52:42.170" endtime="20230619 23:52:45.651"/>
</kw>
<kw name="Error massage" library="Login_resource">
<kw name="Page Should Contain" library="SeleniumLibrary">
<arg>Login was unsuccessful.</arg>
<doc>Verifies that current page contains ``text``.</doc>
<msg timestamp="20230619 23:52:46.040" level="INFO" html="true">&lt;/td&gt;&lt;/tr&gt;&lt;tr&gt;&lt;td colspan="3"&gt;&lt;a href="4-selenium-screenshot-1.png"&gt;&lt;img src="4-selenium-screenshot-1.png" width="800px"&gt;&lt;/a&gt;</msg>
<msg timestamp="20230619 23:52:46.041" level="FAIL">Page should have contained text 'Login was unsuccessful.' but did not.</msg>
<status status="FAIL" starttime="20230619 23:52:45.652" endtime="20230619 23:52:46.043"/>
</kw>
<status status="FAIL" starttime="20230619 23:52:45.651" endtime="20230619 23:52:46.043"/>
</kw>
<status status="FAIL" starttime="20230619 23:52:41.762" endtime="20230619 23:52:46.044"/>
</kw>
<status status="FAIL" starttime="20230619 23:52:41.760" endtime="20230619 23:52:46.045">Page should have contained text 'Login was unsuccessful.' but did not.</status>
</test>
<kw name="close my all browsers" library="Login_resource" type="TEARDOWN">
<kw name="Close All Browsers" library="SeleniumLibrary">
<doc>Closes all open browsers and resets the browser cache.</doc>
<status status="PASS" starttime="20230619 23:52:46.047" endtime="20230619 23:52:52.349"/>
</kw>
<status status="PASS" starttime="20230619 23:52:46.046" endtime="20230619 23:52:52.349"/>
</kw>
<status status="FAIL" starttime="20230619 23:52:29.922" endtime="20230619 23:52:52.349"/>
</suite>
<doc>[https://pabot.org/?ref=log|Pabot] result from 5 executions.</doc>
<status status="FAIL" starttime="20230619 23:52:29.859" endtime="20230619 23:52:52.354"/>
</suite>
<statistics>
<total>
<stat pass="14" fail="2" skip="0">All Tests</stat>
</total>
<tag>
<stat pass="2" fail="0" skip="0">regression</stat>
<stat pass="2" fail="0" skip="0">sanity</stat>
</tag>
<suite>
<stat pass="14" fail="2" skip="0" id="s1" name="Suites">Suites</stat>
<stat pass="1" fail="0" skip="0" id="s1-s1" name="POMLogintest">Suites.POMLogintest</stat>
<stat pass="0" fail="1" skip="0" id="s1-s2" name="POMRegistration">Suites.POMRegistration</stat>
<stat pass="4" fail="0" skip="0" id="s1-s3" name="SetupAndTeardown">Suites.SetupAndTeardown</stat>
<stat pass="4" fail="0" skip="0" id="s1-s4" name="Tagging">Suites.Tagging</stat>
<stat pass="5" fail="1" skip="0" id="s1-s5" name="TestCase 1">Suites.TestCase 1</stat>
</suite>
</statistics>
<errors>
</errors>
</robot>
