<?xml version="1.0" encoding="UTF-8"?>
<robot generator="Robot 6.0.2 (Python 3.11.3 on win32)" generated="20230901 00:07:31.185" rpa="false" schemaversion="3">
<suite id="s1" name="Practice" source="C:\Users\Admin\PycharmProjects\Robotautomation\TestData\practice.robot">
<test id="s1-t1" name="Varify basic seach functionality for Flipkart" line="8">
<kw name="Search for flikart">
<kw name="Open Browser" library="SeleniumLibrary">
<arg>https://www.flipkart.com/</arg>
<arg>chrome</arg>
<doc>Opens a new browser instance to the optional ``url``.</doc>
<msg timestamp="20230901 00:07:31.525" level="INFO">Opening browser 'chrome' to base url 'https://www.flipkart.com/'.</msg>
<status status="PASS" starttime="20230901 00:07:31.525" endtime="20230901 00:07:37.206"/>
</kw>
<kw name="Set Browser Implicit Wait" library="SeleniumLibrary">
<arg>5</arg>
<doc>Sets the implicit wait value used by Selenium.</doc>
<status status="PASS" starttime="20230901 00:07:37.206" endtime="20230901 00:07:37.225"/>
</kw>
<kw name="Click Button" library="SeleniumLibrary">
<arg>//button[contains(text(),'✕')]</arg>
<doc>Clicks the button identified by ``locator``.</doc>
<msg timestamp="20230901 00:07:37.227" level="INFO">Clicking button '//button[contains(text(),'✕')]'.</msg>
<status status="PASS" starttime="20230901 00:07:37.225" endtime="20230901 00:07:37.730"/>
</kw>
<kw name="Input Text" library="SeleniumLibrary">
<arg>//input[@placeholder='Search for products, brands and more']</arg>
<arg>iphone</arg>
<doc>Types the given ``text`` into the text field identified by ``locator``.</doc>
<msg timestamp="20230901 00:07:37.735" level="INFO">Typing text 'iphone' into text field '//input[@placeholder='Search for products, brands and more']'.</msg>
<status status="PASS" starttime="20230901 00:07:37.732" endtime="20230901 00:07:38.090"/>
</kw>
<kw name="Click Button" library="SeleniumLibrary">
<arg>//button[@type='submit']//*[name()='svg']</arg>
<doc>Clicks the button identified by ``locator``.</doc>
<msg timestamp="20230901 00:07:38.091" level="INFO">Clicking button '//button[@type='submit']//*[name()='svg']'.</msg>
<msg timestamp="20230901 00:07:38.844" level="INFO" html="true">&lt;/td&gt;&lt;/tr&gt;&lt;tr&gt;&lt;td colspan="3"&gt;&lt;a href="selenium-screenshot-3.png"&gt;&lt;img src="selenium-screenshot-3.png" width="800px"&gt;&lt;/a&gt;</msg>
<msg timestamp="20230901 00:07:38.845" level="FAIL">Button with locator '//button[@type='submit']//*[name()='svg']' not found.</msg>
<status status="FAIL" starttime="20230901 00:07:38.090" endtime="20230901 00:07:38.852"/>
</kw>
<kw name="Page Should Contain" library="SeleniumLibrary">
<arg>APPLE iPhone 14 (Midnight, 128 GB)</arg>
<doc>Verifies that current page contains ``text``.</doc>
<status status="NOT RUN" starttime="20230901 00:07:38.852" endtime="20230901 00:07:38.852"/>
</kw>
<kw name="Close Browser" library="SeleniumLibrary">
<doc>Closes the current browser.</doc>
<status status="NOT RUN" starttime="20230901 00:07:38.852" endtime="20230901 00:07:38.853"/>
</kw>
<status status="FAIL" starttime="20230901 00:07:31.525" endtime="20230901 00:07:38.853"/>
</kw>
<doc>This is testcase varify the basic search</doc>
<tag>Functional testing</tag>
<status status="FAIL" starttime="20230901 00:07:31.523" endtime="20230901 00:07:38.853">Button with locator '//button[@type='submit']//*[name()='svg']' not found.</status>
</test>
<doc>Basic Search</doc>
<status status="FAIL" starttime="20230901 00:07:31.191" endtime="20230901 00:07:38.856"/>
</suite>
<statistics>
<total>
<stat pass="0" fail="1" skip="0">All Tests</stat>
</total>
<tag>
<stat pass="0" fail="1" skip="0">Functional testing</stat>
</tag>
<suite>
<stat pass="0" fail="1" skip="0" id="s1" name="Practice">Practice</stat>
</suite>
</statistics>
<errors>
</errors>
</robot>
